2025-06-02 07:43:59,052 [INFO] django.server — "GET /ai/api/analysis/6/status/ HTTP/1.1" 200 142
2025-06-02 07:43:59,052 [INFO] django.server — "GET /ai/api/analysis/6/status/ HTTP/1.1" 200 142
2025-06-02 07:44:03,310 [INFO] django.server — "GET /ai/upload/ HTTP/1.1" 200 12766
2025-06-02 07:44:03,310 [INFO] django.server — "GET /ai/upload/ HTTP/1.1" 200 12766
2025-06-02 07:44:13,393 [INFO] detector_app.pdf_detector — Loaded pre-trained ML model from /home/d3bugger/Projects/FINAL YEAR PROJECT/src/detector_app/ai/ml/models/01_model.pkl
2025-06-02 07:44:24,855 [INFO] django.server — "POST /ai/upload/ HTTP/1.1" 302 0
2025-06-02 07:44:24,855 [INFO] django.server — "POST /ai/upload/ HTTP/1.1" 302 0
2025-06-02 07:44:24,958 [INFO] django.server — "GET /ai/analysis/7/ HTTP/1.1" 200 21205
2025-06-02 07:44:24,958 [INFO] django.server — "GET /ai/analysis/7/ HTTP/1.1" 200 21205
2025-06-02 07:44:35,407 [INFO] django.server — "GET /ai/api/analysis/7/status/ HTTP/1.1" 200 152
2025-06-02 07:44:35,407 [INFO] django.server — "GET /ai/api/analysis/7/status/ HTTP/1.1" 200 152
2025-06-02 07:44:45,386 [INFO] django.server — "GET /ai/api/analysis/7/status/ HTTP/1.1" 200 152
2025-06-02 07:44:45,386 [INFO] django.server — "GET /ai/api/analysis/7/status/ HTTP/1.1" 200 152
2025-06-02 07:44:49,872 [INFO] django.server — "GET /ai/analysis/7/ HTTP/1.1" 200 20678
2025-06-02 07:44:49,872 [INFO] django.server — "GET /ai/analysis/7/ HTTP/1.1" 200 20678
2025-06-02 07:44:53,994 [INFO] django.server — "GET /ai/upload/ HTTP/1.1" 200 12766
2025-06-02 07:44:53,994 [INFO] django.server — "GET /ai/upload/ HTTP/1.1" 200 12766
2025-06-02 07:45:02,104 [INFO] detector_app.pdf_detector — Loaded pre-trained ML model from /home/d3bugger/Projects/FINAL YEAR PROJECT/src/detector_app/ai/ml/models/01_model.pkl
2025-06-02 07:45:03,029 [INFO] django.server — "POST /ai/upload/ HTTP/1.1" 302 0
2025-06-02 07:45:03,029 [INFO] django.server — "POST /ai/upload/ HTTP/1.1" 302 0
2025-06-02 07:45:03,156 [INFO] django.server — "GET /ai/analysis/8/ HTTP/1.1" 200 21214
2025-06-02 07:45:03,156 [INFO] django.server — "GET /ai/analysis/8/ HTTP/1.1" 200 21214
2025-06-02 07:45:12,211 [INFO] django.server — "GET /ai/analysis/8/ HTTP/1.1" 200 20687
2025-06-02 07:45:12,211 [INFO] django.server — "GET /ai/analysis/8/ HTTP/1.1" 200 20687
2025-06-02 07:45:13,405 [INFO] django.server — "GET /ai/upload/ HTTP/1.1" 200 12766
2025-06-02 07:45:13,405 [INFO] django.server — "GET /ai/upload/ HTTP/1.1" 200 12766
2025-06-02 07:45:20,916 [INFO] detector_app.pdf_detector — Loaded pre-trained ML model from /home/d3bugger/Projects/FINAL YEAR PROJECT/src/detector_app/ai/ml/models/01_model.pkl
2025-06-02 07:45:21,801 [INFO] django.server — "POST /ai/upload/ HTTP/1.1" 302 0
2025-06-02 07:45:21,801 [INFO] django.server — "POST /ai/upload/ HTTP/1.1" 302 0
2025-06-02 07:45:21,959 [INFO] django.server — "GET /ai/analysis/9/ HTTP/1.1" 200 21228
2025-06-02 07:45:21,959 [INFO] django.server — "GET /ai/analysis/9/ HTTP/1.1" 200 21228
2025-06-02 07:45:32,323 [INFO] django.server — "GET /ai/api/analysis/9/status/ HTTP/1.1" 200 163
2025-06-02 07:45:32,323 [INFO] django.server — "GET /ai/api/analysis/9/status/ HTTP/1.1" 200 163
2025-06-02 07:45:42,548 [INFO] django.utils.autoreload — Watching for file changes with StatReloader
2025-06-02 07:45:42,548 [INFO] django.utils.autoreload — Watching for file changes with StatReloader
2025-06-02 07:45:43,250 [INFO] pikepdf._core — pikepdf C++ to Python logger bridge initialized
2025-06-02 07:46:18,893 [INFO] django.utils.autoreload — Watching for file changes with StatReloader
2025-06-02 07:46:18,893 [INFO] django.utils.autoreload — Watching for file changes with StatReloader
2025-06-02 07:46:19,859 [INFO] pikepdf._core — pikepdf C++ to Python logger bridge initialized
2025-06-02 07:46:29,020 [INFO] django.server — "GET /ai/upload/ HTTP/1.1" 200 12766
2025-06-02 07:46:29,020 [INFO] django.server — "GET /ai/upload/ HTTP/1.1" 200 12766
2025-06-02 07:46:40,842 [INFO] detector_app.pdf_detector — Loaded pre-trained ML model from /home/d3bugger/Projects/FINAL YEAR PROJECT/src/detector_app/ai/ml/models/01_model.pkl
2025-06-02 07:46:41,683 [INFO] django.server — "POST /ai/upload/ HTTP/1.1" 302 0
2025-06-02 07:46:41,683 [INFO] django.server — "POST /ai/upload/ HTTP/1.1" 302 0
2025-06-02 07:46:41,824 [INFO] django.server — "GET /ai/analysis/10/ HTTP/1.1" 200 21207
2025-06-02 07:46:41,824 [INFO] django.server — "GET /ai/analysis/10/ HTTP/1.1" 200 21207
2025-06-02 07:46:52,239 [INFO] django.server — "GET /ai/api/analysis/10/status/ HTTP/1.1" 200 153
2025-06-02 07:46:52,239 [INFO] django.server — "GET /ai/api/analysis/10/status/ HTTP/1.1" 200 153
2025-06-02 07:47:02,204 [INFO] django.server — "GET /ai/api/analysis/10/status/ HTTP/1.1" 200 153
2025-06-02 07:47:02,204 [INFO] django.server — "GET /ai/api/analysis/10/status/ HTTP/1.1" 200 153
2025-06-02 07:47:10,253 [INFO] django.server — "GET /ai/analyses/ HTTP/1.1" 200 37310
2025-06-02 07:47:10,253 [INFO] django.server — "GET /ai/analyses/ HTTP/1.1" 200 37310
2025-06-02 07:47:18,751 [INFO] django.server — "GET /ai/analysis/10/ HTTP/1.1" 200 20680
2025-06-02 07:47:18,751 [INFO] django.server — "GET /ai/analysis/10/ HTTP/1.1" 200 20680
2025-06-02 07:47:21,734 [INFO] django.server — "GET /ai/ HTTP/1.1" 200 25139
2025-06-02 07:47:21,734 [INFO] django.server — "GET /ai/ HTTP/1.1" 200 25139
2025-06-02 07:47:28,279 [INFO] django.server — "GET /ai/analyses/ HTTP/1.1" 200 37310
2025-06-02 07:47:28,279 [INFO] django.server — "GET /ai/analyses/ HTTP/1.1" 200 37310
2025-06-02 07:48:47,184 [INFO] django.server — "GET /ai/upload/ HTTP/1.1" 200 12766
2025-06-02 07:48:47,184 [INFO] django.server — "GET /ai/upload/ HTTP/1.1" 200 12766
2025-06-02 07:48:54,275 [INFO] detector_app.pdf_detector — Loaded pre-trained ML model from /home/d3bugger/Projects/FINAL YEAR PROJECT/src/detector_app/ai/ml/models/01_model.pkl
2025-06-02 07:48:55,163 [INFO] django.server — "POST /ai/upload/ HTTP/1.1" 302 0
2025-06-02 07:48:55,163 [INFO] django.server — "POST /ai/upload/ HTTP/1.1" 302 0
2025-06-02 07:48:55,253 [INFO] django.server — "GET /ai/analysis/11/ HTTP/1.1" 200 21237
2025-06-02 07:48:55,253 [INFO] django.server — "GET /ai/analysis/11/ HTTP/1.1" 200 21237
2025-06-02 07:49:05,671 [INFO] django.server — "GET /ai/api/analysis/11/status/ HTTP/1.1" 200 168
2025-06-02 07:49:05,671 [INFO] django.server — "GET /ai/api/analysis/11/status/ HTTP/1.1" 200 168
2025-06-02 07:49:15,603 [INFO] django.server — "GET /ai/api/analysis/11/status/ HTTP/1.1" 200 168
2025-06-02 07:49:15,603 [INFO] django.server — "GET /ai/api/analysis/11/status/ HTTP/1.1" 200 168
2025-06-02 07:49:25,597 [INFO] django.server — "GET /ai/api/analysis/11/status/ HTTP/1.1" 200 168
2025-06-02 07:49:25,597 [INFO] django.server — "GET /ai/api/analysis/11/status/ HTTP/1.1" 200 168
2025-06-02 07:49:35,621 [INFO] django.server — "GET /ai/api/analysis/11/status/ HTTP/1.1" 200 168
2025-06-02 07:49:35,621 [INFO] django.server — "GET /ai/api/analysis/11/status/ HTTP/1.1" 200 168
2025-06-02 07:49:45,695 [INFO] django.server — "GET /ai/api/analysis/11/status/ HTTP/1.1" 200 168
2025-06-02 07:49:45,695 [INFO] django.server — "GET /ai/api/analysis/11/status/ HTTP/1.1" 200 168
2025-06-02 07:49:55,634 [INFO] django.server — "GET /ai/api/analysis/11/status/ HTTP/1.1" 200 168
2025-06-02 07:49:55,634 [INFO] django.server — "GET /ai/api/analysis/11/status/ HTTP/1.1" 200 168
2025-06-02 07:50:05,586 [INFO] django.server — "GET /ai/api/analysis/11/status/ HTTP/1.1" 200 168
2025-06-02 07:50:05,586 [INFO] django.server — "GET /ai/api/analysis/11/status/ HTTP/1.1" 200 168
2025-06-02 07:50:15,562 [INFO] django.server — "GET /ai/api/analysis/11/status/ HTTP/1.1" 200 168
2025-06-02 07:50:15,562 [INFO] django.server — "GET /ai/api/analysis/11/status/ HTTP/1.1" 200 168
2025-06-02 07:50:25,581 [INFO] django.server — "GET /ai/api/analysis/11/status/ HTTP/1.1" 200 168
2025-06-02 07:50:25,581 [INFO] django.server — "GET /ai/api/analysis/11/status/ HTTP/1.1" 200 168
2025-06-02 07:50:35,567 [INFO] django.server — "GET /ai/api/analysis/11/status/ HTTP/1.1" 200 168
2025-06-02 07:50:35,567 [INFO] django.server — "GET /ai/api/analysis/11/status/ HTTP/1.1" 200 168
2025-06-02 07:50:45,578 [INFO] django.server — "GET /ai/api/analysis/11/status/ HTTP/1.1" 200 168
2025-06-02 07:50:45,578 [INFO] django.server — "GET /ai/api/analysis/11/status/ HTTP/1.1" 200 168
2025-06-02 07:50:52,420 [INFO] django.utils.autoreload — /home/d3bugger/Projects/FINAL YEAR PROJECT/src/detector_app/services.py changed, reloading.
2025-06-02 07:50:52,420 [INFO] django.utils.autoreload — /home/d3bugger/Projects/FINAL YEAR PROJECT/src/detector_app/services.py changed, reloading.
2025-06-02 07:50:55,561 [INFO] django.utils.autoreload — Watching for file changes with StatReloader
2025-06-02 07:50:55,561 [INFO] django.utils.autoreload — Watching for file changes with StatReloader
2025-06-02 07:50:56,492 [INFO] pikepdf._core — pikepdf C++ to Python logger bridge initialized
2025-06-02 07:51:05,576 [INFO] django.server — "GET /ai/api/analysis/11/status/ HTTP/1.1" 200 168
2025-06-02 07:51:05,576 [INFO] django.server — "GET /ai/api/analysis/11/status/ HTTP/1.1" 200 168
2025-06-02 07:51:15,587 [INFO] django.server — "GET /ai/api/analysis/11/status/ HTTP/1.1" 200 168
2025-06-02 07:51:15,587 [INFO] django.server — "GET /ai/api/analysis/11/status/ HTTP/1.1" 200 168
2025-06-02 07:51:25,558 [INFO] django.server — "GET /ai/api/analysis/11/status/ HTTP/1.1" 200 168
2025-06-02 07:51:25,558 [INFO] django.server — "GET /ai/api/analysis/11/status/ HTTP/1.1" 200 168
2025-06-02 07:51:35,569 [INFO] django.server — "GET /ai/api/analysis/11/status/ HTTP/1.1" 200 168
2025-06-02 07:51:35,569 [INFO] django.server — "GET /ai/api/analysis/11/status/ HTTP/1.1" 200 168
2025-06-02 07:51:45,574 [INFO] django.server — "GET /ai/api/analysis/11/status/ HTTP/1.1" 200 168
2025-06-02 07:51:45,574 [INFO] django.server — "GET /ai/api/analysis/11/status/ HTTP/1.1" 200 168
2025-06-02 07:51:55,638 [INFO] django.server — "GET /ai/api/analysis/11/status/ HTTP/1.1" 200 168
2025-06-02 07:51:55,638 [INFO] django.server — "GET /ai/api/analysis/11/status/ HTTP/1.1" 200 168
2025-06-02 07:52:00,670 [INFO] django.server — "GET /ai/upload/ HTTP/1.1" 200 12766
2025-06-02 07:52:00,670 [INFO] django.server — "GET /ai/upload/ HTTP/1.1" 200 12766
2025-06-02 07:52:07,952 [INFO] detector_app.pdf_detector — Loaded pre-trained ML model from /home/d3bugger/Projects/FINAL YEAR PROJECT/src/detector_app/ai/ml/models/01_model.pkl
2025-06-02 07:52:17,737 [INFO] django.server — "POST /ai/upload/ HTTP/1.1" 302 0
2025-06-02 07:52:17,737 [INFO] django.server — "POST /ai/upload/ HTTP/1.1" 302 0
2025-06-02 07:52:17,804 [INFO] django.server — "GET /ai/analysis/12/ HTTP/1.1" 200 21206
2025-06-02 07:52:17,804 [INFO] django.server — "GET /ai/analysis/12/ HTTP/1.1" 200 21206
2025-06-02 07:52:28,072 [INFO] django.server — "GET /ai/api/analysis/12/status/ HTTP/1.1" 200 153
2025-06-02 07:52:28,072 [INFO] django.server — "GET /ai/api/analysis/12/status/ HTTP/1.1" 200 153
2025-06-02 07:52:32,571 [INFO] django.server — "GET /ai/upload/ HTTP/1.1" 200 12766
2025-06-02 07:52:32,571 [INFO] django.server — "GET /ai/upload/ HTTP/1.1" 200 12766
2025-06-02 07:52:39,397 [INFO] detector_app.pdf_detector — Loaded pre-trained ML model from /home/d3bugger/Projects/FINAL YEAR PROJECT/src/detector_app/ai/ml/models/01_model.pkl
2025-06-02 07:52:44,386 [INFO] django.server — "POST /ai/upload/ HTTP/1.1" 302 0
2025-06-02 07:52:44,386 [INFO] django.server — "POST /ai/upload/ HTTP/1.1" 302 0
2025-06-02 07:52:44,452 [INFO] django.server — "GET /ai/analysis/13/ HTTP/1.1" 200 21203
2025-06-02 07:52:44,452 [INFO] django.server — "GET /ai/analysis/13/ HTTP/1.1" 200 21203
2025-06-02 07:52:54,787 [INFO] django.server — "GET /ai/api/analysis/13/status/ HTTP/1.1" 200 152
2025-06-02 07:52:54,787 [INFO] django.server — "GET /ai/api/analysis/13/status/ HTTP/1.1" 200 152
2025-06-02 07:53:04,808 [INFO] django.server — "GET /ai/api/analysis/13/status/ HTTP/1.1" 200 152
2025-06-02 07:53:04,808 [INFO] django.server — "GET /ai/api/analysis/13/status/ HTTP/1.1" 200 152
2025-06-02 07:53:14,806 [INFO] django.server — "GET /ai/api/analysis/13/status/ HTTP/1.1" 200 152
2025-06-02 07:53:14,806 [INFO] django.server — "GET /ai/api/analysis/13/status/ HTTP/1.1" 200 152
2025-06-02 07:53:24,790 [INFO] django.server — "GET /ai/api/analysis/13/status/ HTTP/1.1" 200 152
2025-06-02 07:53:24,790 [INFO] django.server — "GET /ai/api/analysis/13/status/ HTTP/1.1" 200 152
2025-06-02 07:53:34,774 [INFO] django.server — "GET /ai/api/analysis/13/status/ HTTP/1.1" 200 152
2025-06-02 07:53:34,774 [INFO] django.server — "GET /ai/api/analysis/13/status/ HTTP/1.1" 200 152
2025-06-02 07:53:44,825 [INFO] django.server — "GET /ai/api/analysis/13/status/ HTTP/1.1" 200 152
2025-06-02 07:53:44,825 [INFO] django.server — "GET /ai/api/analysis/13/status/ HTTP/1.1" 200 152
2025-06-02 07:53:54,792 [INFO] django.server — "GET /ai/api/analysis/13/status/ HTTP/1.1" 200 152
2025-06-02 07:53:54,792 [INFO] django.server — "GET /ai/api/analysis/13/status/ HTTP/1.1" 200 152
2025-06-02 07:54:04,779 [INFO] django.server — "GET /ai/api/analysis/13/status/ HTTP/1.1" 200 152
2025-06-02 07:54:04,779 [INFO] django.server — "GET /ai/api/analysis/13/status/ HTTP/1.1" 200 152
2025-06-02 07:54:14,783 [INFO] django.server — "GET /ai/api/analysis/13/status/ HTTP/1.1" 200 152
2025-06-02 07:54:14,783 [INFO] django.server — "GET /ai/api/analysis/13/status/ HTTP/1.1" 200 152
2025-06-02 07:54:24,687 [INFO] django.utils.autoreload — /home/d3bugger/Projects/FINAL YEAR PROJECT/src/detector_app/services.py changed, reloading.
2025-06-02 07:54:24,687 [INFO] django.utils.autoreload — /home/d3bugger/Projects/FINAL YEAR PROJECT/src/detector_app/services.py changed, reloading.
2025-06-02 07:54:28,229 [INFO] django.utils.autoreload — Watching for file changes with StatReloader
2025-06-02 07:54:28,229 [INFO] django.utils.autoreload — Watching for file changes with StatReloader
2025-06-02 07:54:29,417 [INFO] pikepdf._core — pikepdf C++ to Python logger bridge initialized
2025-06-02 07:54:34,776 [INFO] django.server — "GET /ai/api/analysis/13/status/ HTTP/1.1" 200 152
2025-06-02 07:54:34,776 [INFO] django.server — "GET /ai/api/analysis/13/status/ HTTP/1.1" 200 152
2025-06-02 07:54:44,786 [INFO] django.server — "GET /ai/api/analysis/13/status/ HTTP/1.1" 200 152
2025-06-02 07:54:44,786 [INFO] django.server — "GET /ai/api/analysis/13/status/ HTTP/1.1" 200 152
2025-06-02 07:54:54,773 [INFO] django.server — "GET /ai/api/analysis/13/status/ HTTP/1.1" 200 152
2025-06-02 07:54:54,773 [INFO] django.server — "GET /ai/api/analysis/13/status/ HTTP/1.1" 200 152
2025-06-02 07:55:04,768 [INFO] django.server — "GET /ai/api/analysis/13/status/ HTTP/1.1" 200 152
2025-06-02 07:55:04,768 [INFO] django.server — "GET /ai/api/analysis/13/status/ HTTP/1.1" 200 152
2025-06-02 07:55:14,825 [INFO] django.server — "GET /ai/api/analysis/13/status/ HTTP/1.1" 200 152
2025-06-02 07:55:14,825 [INFO] django.server — "GET /ai/api/analysis/13/status/ HTTP/1.1" 200 152
2025-06-02 07:55:24,813 [INFO] django.server — "GET /ai/api/analysis/13/status/ HTTP/1.1" 200 152
2025-06-02 07:55:24,813 [INFO] django.server — "GET /ai/api/analysis/13/status/ HTTP/1.1" 200 152
2025-06-02 07:55:33,004 [INFO] django.utils.autoreload — /home/d3bugger/Projects/FINAL YEAR PROJECT/src/detector_app/services.py changed, reloading.
2025-06-02 07:55:33,004 [INFO] django.utils.autoreload — /home/d3bugger/Projects/FINAL YEAR PROJECT/src/detector_app/services.py changed, reloading.
2025-06-02 07:55:36,091 [INFO] django.utils.autoreload — Watching for file changes with StatReloader
2025-06-02 07:55:36,091 [INFO] django.utils.autoreload — Watching for file changes with StatReloader
2025-06-02 07:55:37,886 [INFO] pikepdf._core — pikepdf C++ to Python logger bridge initialized
2025-06-02 07:55:44,788 [INFO] django.server — "GET /ai/api/analysis/13/status/ HTTP/1.1" 200 152
2025-06-02 07:55:44,788 [INFO] django.server — "GET /ai/api/analysis/13/status/ HTTP/1.1" 200 152
2025-06-02 07:55:54,885 [INFO] django.server — "GET /ai/api/analysis/13/status/ HTTP/1.1" 200 152
2025-06-02 07:55:54,885 [INFO] django.server — "GET /ai/api/analysis/13/status/ HTTP/1.1" 200 152
2025-06-02 07:56:04,803 [INFO] django.server — "GET /ai/api/analysis/13/status/ HTTP/1.1" 200 152
2025-06-02 07:56:04,803 [INFO] django.server — "GET /ai/api/analysis/13/status/ HTTP/1.1" 200 152
2025-06-02 07:56:14,770 [INFO] django.server — "GET /ai/api/analysis/13/status/ HTTP/1.1" 200 152
2025-06-02 07:56:14,770 [INFO] django.server — "GET /ai/api/analysis/13/status/ HTTP/1.1" 200 152
2025-06-02 07:56:24,781 [INFO] django.server — "GET /ai/api/analysis/13/status/ HTTP/1.1" 200 152
2025-06-02 07:56:24,781 [INFO] django.server — "GET /ai/api/analysis/13/status/ HTTP/1.1" 200 152
2025-06-02 07:56:34,771 [INFO] django.server — "GET /ai/api/analysis/13/status/ HTTP/1.1" 200 152
2025-06-02 07:56:34,771 [INFO] django.server — "GET /ai/api/analysis/13/status/ HTTP/1.1" 200 152
2025-06-02 07:56:35,082 [INFO] django.utils.autoreload — /home/d3bugger/Projects/FINAL YEAR PROJECT/src/detector_app/services.py changed, reloading.
2025-06-02 07:56:35,082 [INFO] django.utils.autoreload — /home/d3bugger/Projects/FINAL YEAR PROJECT/src/detector_app/services.py changed, reloading.
2025-06-02 07:56:38,647 [INFO] django.utils.autoreload — Watching for file changes with StatReloader
2025-06-02 07:56:38,647 [INFO] django.utils.autoreload — Watching for file changes with StatReloader
2025-06-02 07:56:40,237 [INFO] pikepdf._core — pikepdf C++ to Python logger bridge initialized
2025-06-02 07:56:53,415 [INFO] django.utils.autoreload — Watching for file changes with StatReloader
2025-06-02 07:56:53,415 [INFO] django.utils.autoreload — Watching for file changes with StatReloader
2025-06-02 07:56:54,304 [INFO] pikepdf._core — pikepdf C++ to Python logger bridge initialized
2025-06-02 07:57:05,373 [INFO] django.server — "GET /ai/api/analysis/13/status/ HTTP/1.1" 200 152
2025-06-02 07:57:05,373 [INFO] django.server — "GET /ai/api/analysis/13/status/ HTTP/1.1" 200 152
2025-06-02 07:57:05,875 [INFO] django.server — "GET /admin/ HTTP/1.1" 200 14205
2025-06-02 07:57:05,875 [INFO] django.server — "GET /admin/ HTTP/1.1" 200 14205
2025-06-02 07:57:12,841 [INFO] django.server — "GET /admin/detector_app/analysisindicator/add/ HTTP/1.1" 200 20604
2025-06-02 07:57:12,841 [INFO] django.server — "GET /admin/detector_app/analysisindicator/add/ HTTP/1.1" 200 20604
2025-06-02 07:57:13,237 [INFO] django.server — "GET /static/admin/css/forms.css HTTP/1.1" 200 8525
2025-06-02 07:57:13,237 [INFO] django.server — "GET /static/admin/css/forms.css HTTP/1.1" 200 8525
2025-06-02 07:57:13,240 [INFO] django.server — "GET /static/admin/js/core.js HTTP/1.1" 200 6208
2025-06-02 07:57:13,240 [INFO] django.server — "GET /static/admin/js/core.js HTTP/1.1" 200 6208
2025-06-02 07:57:13,270 [INFO] django.server — "GET /static/admin/js/jquery.init.js HTTP/1.1" 200 347
2025-06-02 07:57:13,270 [INFO] django.server — "GET /static/admin/js/jquery.init.js HTTP/1.1" 200 347
2025-06-02 07:57:13,282 [INFO] django.server — "GET /static/admin/js/actions.js HTTP/1.1" 200 8076
2025-06-02 07:57:13,282 [INFO] django.server — "GET /static/admin/js/actions.js HTTP/1.1" 200 8076
2025-06-02 07:57:13,290 [INFO] django.server — "GET /admin/jsi18n/ HTTP/1.1" 200 3342
2025-06-02 07:57:13,290 [INFO] django.server — "GET /admin/jsi18n/ HTTP/1.1" 200 3342
2025-06-02 07:57:13,293 [INFO] django.server — "GET /static/admin/js/vendor/jquery/jquery.js HTTP/1.1" 200 285314
2025-06-02 07:57:13,291 [INFO] django.server — "GET /static/admin/js/urlify.js HTTP/1.1" 200 7887
2025-06-02 07:57:13,291 [INFO] django.server — "GET /static/admin/js/urlify.js HTTP/1.1" 200 7887
2025-06-02 07:57:13,293 [INFO] django.server — "GET /static/admin/js/vendor/jquery/jquery.js HTTP/1.1" 200 285314
2025-06-02 07:57:13,306 [INFO] django.server — "GET /static/admin/css/widgets.css HTTP/1.1" 200 11991
2025-06-02 07:57:13,306 [INFO] django.server — "GET /static/admin/css/widgets.css HTTP/1.1" 200 11991
2025-06-02 07:57:13,295 [INFO] django.server — "GET /static/admin/js/admin/RelatedObjectLookups.js HTTP/1.1" 200 9777
2025-06-02 07:57:13,295 [INFO] django.server — "GET /static/admin/js/admin/RelatedObjectLookups.js HTTP/1.1" 200 9777
2025-06-02 07:57:13,345 [INFO] django.server — "GET /static/admin/js/vendor/xregexp/xregexp.js HTTP/1.1" 200 325171
2025-06-02 07:57:13,345 [INFO] django.server — "GET /static/admin/js/vendor/xregexp/xregexp.js HTTP/1.1" 200 325171
2025-06-02 07:57:13,355 [INFO] django.server — "GET /static/admin/js/prepopulate.js HTTP/1.1" 200 1531
2025-06-02 07:57:13,355 [INFO] django.server — "GET /static/admin/js/prepopulate.js HTTP/1.1" 200 1531
2025-06-02 07:57:13,408 [INFO] django.server — "GET /static/admin/js/prepopulate_init.js HTTP/1.1" 200 586
2025-06-02 07:57:13,408 [INFO] django.server — "GET /static/admin/js/prepopulate_init.js HTTP/1.1" 200 586
2025-06-02 07:57:13,512 [INFO] django.server — "GET /static/admin/js/change_form.js HTTP/1.1" 200 606
2025-06-02 07:57:13,517 [INFO] django.server — "GET /static/admin/img/icon-viewlink.svg HTTP/1.1" 200 581
2025-06-02 07:57:13,517 [INFO] django.server — "GET /static/admin/img/icon-viewlink.svg HTTP/1.1" 200 581
2025-06-02 07:57:13,512 [INFO] django.server — "GET /static/admin/js/change_form.js HTTP/1.1" 200 606
2025-06-02 07:57:15,328 [INFO] django.server — "GET /ai/api/analysis/13/status/ HTTP/1.1" 200 152
2025-06-02 07:57:15,328 [INFO] django.server — "GET /ai/api/analysis/13/status/ HTTP/1.1" 200 152
2025-06-02 07:57:16,882 [INFO] django.utils.autoreload — /home/d3bugger/Projects/FINAL YEAR PROJECT/src/detector_app/services.py changed, reloading.
2025-06-02 07:57:16,882 [INFO] django.utils.autoreload — /home/d3bugger/Projects/FINAL YEAR PROJECT/src/detector_app/services.py changed, reloading.
2025-06-02 07:57:19,660 [INFO] django.utils.autoreload — Watching for file changes with StatReloader
2025-06-02 07:57:19,660 [INFO] django.utils.autoreload — Watching for file changes with StatReloader
2025-06-02 07:57:21,118 [INFO] pikepdf._core — pikepdf C++ to Python logger bridge initialized
2025-06-02 07:57:25,343 [INFO] django.server — "GET /ai/api/analysis/13/status/ HTTP/1.1" 200 152
2025-06-02 07:57:25,343 [INFO] django.server — "GET /ai/api/analysis/13/status/ HTTP/1.1" 200 152
2025-06-02 07:57:31,787 [INFO] django.server — "GET /admin/detector_app/pdfanalysis/ HTTP/1.1" 200 27310
2025-06-02 07:57:31,787 [INFO] django.server — "GET /admin/detector_app/pdfanalysis/ HTTP/1.1" 200 27310
2025-06-02 07:57:32,016 [INFO] django.server — "GET /static/admin/css/changelists.css HTTP/1.1" 200 6878
2025-06-02 07:57:32,016 [INFO] django.server — "GET /static/admin/css/changelists.css HTTP/1.1" 200 6878
2025-06-02 07:57:32,081 [INFO] django.server — "GET /static/admin/img/search.svg HTTP/1.1" 200 458
2025-06-02 07:57:32,081 [INFO] django.server — "GET /static/admin/img/search.svg HTTP/1.1" 200 458
2025-06-02 07:57:32,091 [INFO] django.server — "GET /admin/jsi18n/ HTTP/1.1" 200 3342
2025-06-02 07:57:32,091 [INFO] django.server — "GET /admin/jsi18n/ HTTP/1.1" 200 3342
2025-06-02 07:57:32,378 [INFO] django.server — "GET /static/admin/js/filters.js HTTP/1.1" 200 978
2025-06-02 07:57:32,378 [INFO] django.server — "GET /static/admin/js/filters.js HTTP/1.1" 200 978
2025-06-02 07:57:32,508 [INFO] django.server — "GET /static/admin/img/sorting-icons.svg HTTP/1.1" 200 1097
2025-06-02 07:57:32,508 [INFO] django.server — "GET /static/admin/img/sorting-icons.svg HTTP/1.1" 200 1097
2025-06-02 07:57:32,511 [INFO] django.server — "GET /static/admin/img/tooltag-add.svg HTTP/1.1" 200 331
2025-06-02 07:57:32,511 [INFO] django.server — "GET /static/admin/img/tooltag-add.svg HTTP/1.1" 200 331
2025-06-02 07:57:35,299 [INFO] django.server — "GET /ai/api/analysis/13/status/ HTTP/1.1" 200 152
2025-06-02 07:57:35,299 [INFO] django.server — "GET /ai/api/analysis/13/status/ HTTP/1.1" 200 152
2025-06-02 07:57:45,320 [INFO] django.server — "GET /ai/api/analysis/13/status/ HTTP/1.1" 200 152
2025-06-02 07:57:45,320 [INFO] django.server — "GET /ai/api/analysis/13/status/ HTTP/1.1" 200 152
2025-06-02 07:57:48,253 [INFO] django.server — "POST /admin/detector_app/pdfanalysis/ HTTP/1.1" 200 16005
2025-06-02 07:57:48,253 [INFO] django.server — "POST /admin/detector_app/pdfanalysis/ HTTP/1.1" 200 16005
2025-06-02 07:57:48,412 [INFO] django.server — "GET /static/admin/js/cancel.js HTTP/1.1" 200 884
2025-06-02 07:57:48,412 [INFO] django.server — "GET /static/admin/js/cancel.js HTTP/1.1" 200 884
2025-06-02 07:57:50,901 [INFO] django.server — "POST /admin/detector_app/pdfanalysis/ HTTP/1.1" 302 0
2025-06-02 07:57:50,901 [INFO] django.server — "POST /admin/detector_app/pdfanalysis/ HTTP/1.1" 302 0
2025-06-02 07:57:51,075 [INFO] django.server — "GET /admin/detector_app/pdfanalysis/ HTTP/1.1" 200 17217
2025-06-02 07:57:51,075 [INFO] django.server — "GET /admin/detector_app/pdfanalysis/ HTTP/1.1" 200 17217
2025-06-02 07:57:51,370 [INFO] django.server — "GET /admin/jsi18n/ HTTP/1.1" 200 3342
2025-06-02 07:57:51,370 [INFO] django.server — "GET /admin/jsi18n/ HTTP/1.1" 200 3342
2025-06-02 07:57:51,466 [INFO] django.server — "GET /static/admin/img/icon-yes.svg HTTP/1.1" 200 436
2025-06-02 07:57:51,466 [INFO] django.server — "GET /static/admin/img/icon-yes.svg HTTP/1.1" 200 436
2025-06-02 07:57:54,745 [INFO] django.server — "GET /ai/upload/ HTTP/1.1" 200 12766
2025-06-02 07:57:54,745 [INFO] django.server — "GET /ai/upload/ HTTP/1.1" 200 12766
2025-06-02 07:57:54,854 [WARNING] django.request — Not Found: /ai/api/analysis/13/status/
2025-06-02 07:57:54,854 [WARNING] django.request — Not Found: /ai/api/analysis/13/status/
2025-06-02 07:58:02,131 [INFO] detector_app.pdf_detector — Loaded pre-trained ML model from /home/d3bugger/Projects/FINAL YEAR PROJECT/src/detector_app/ai/ml/models/01_model.pkl
2025-06-02 07:58:11,863 [INFO] django.server — "POST /ai/upload/ HTTP/1.1" 302 0
2025-06-02 07:58:11,863 [INFO] django.server — "POST /ai/upload/ HTTP/1.1" 302 0
2025-06-02 07:58:11,929 [INFO] django.server — "GET /ai/analysis/14/ HTTP/1.1" 200 51272
2025-06-02 07:58:11,929 [INFO] django.server — "GET /ai/analysis/14/ HTTP/1.1" 200 51272
2025-06-02 07:58:53,820 [INFO] detector_app.pdf_detector — Loaded pre-trained ML model from /home/d3bugger/Projects/FINAL YEAR PROJECT/src/detector_app/ai/ml/models/01_model.pkl
2025-06-02 07:58:54,239 [INFO] django.server — "POST /ai/analysis/14/reanalyze/ HTTP/1.1" 302 0
2025-06-02 07:58:54,239 [INFO] django.server — "POST /ai/analysis/14/reanalyze/ HTTP/1.1" 302 0
2025-06-02 07:58:54,844 [INFO] django.server — "GET /ai/analysis/14/ HTTP/1.1" 200 49749
2025-06-02 07:58:54,844 [INFO] django.server — "GET /ai/analysis/14/ HTTP/1.1" 200 49749
2025-06-02 07:59:08,800 [INFO] detector_app.pdf_detector — Loaded pre-trained ML model from /home/d3bugger/Projects/FINAL YEAR PROJECT/src/detector_app/ai/ml/models/01_model.pkl
2025-06-02 07:59:09,124 [INFO] django.server — "POST /ai/analysis/14/reanalyze/ HTTP/1.1" 302 0
2025-06-02 07:59:09,124 [INFO] django.server — "POST /ai/analysis/14/reanalyze/ HTTP/1.1" 302 0
2025-06-02 07:59:09,233 [INFO] django.server — "GET /ai/analysis/14/ HTTP/1.1" 200 53597
2025-06-02 07:59:09,233 [INFO] django.server — "GET /ai/analysis/14/ HTTP/1.1" 200 53597
2025-06-02 07:59:39,387 [INFO] detector_app.pdf_detector — Loaded pre-trained ML model from /home/d3bugger/Projects/FINAL YEAR PROJECT/src/detector_app/ai/ml/models/01_model.pkl
2025-06-02 07:59:39,390 [INFO] django.server — "GET /ai/analysis/14/report/ HTTP/1.1" 200 1339
2025-06-02 07:59:39,390 [INFO] django.server — "GET /ai/analysis/14/report/ HTTP/1.1" 200 1339
2025-06-02 08:00:01,336 [INFO] detector_app.pdf_detector — Loaded pre-trained ML model from /home/d3bugger/Projects/FINAL YEAR PROJECT/src/detector_app/ai/ml/models/01_model.pkl
2025-06-02 08:00:01,341 [INFO] django.server — "GET /ai/analysis/14/report/ HTTP/1.1" 200 1339
2025-06-02 08:00:01,341 [INFO] django.server — "GET /ai/analysis/14/report/ HTTP/1.1" 200 1339
2025-06-02 08:00:02,022 [INFO] django.server — "GET /ai/analyses/ HTTP/1.1" 200 13672
2025-06-02 08:00:02,022 [INFO] django.server — "GET /ai/analyses/ HTTP/1.1" 200 13672
2025-06-02 08:00:07,474 [INFO] django.server — "GET /ai/analysis/14/ HTTP/1.1" 200 53106
2025-06-02 08:00:07,474 [INFO] django.server — "GET /ai/analysis/14/ HTTP/1.1" 200 53106
2025-06-02 08:00:10,646 [INFO] django.server — "GET /ai/analyses/ HTTP/1.1" 200 13672
2025-06-02 08:00:10,646 [INFO] django.server — "GET /ai/analyses/ HTTP/1.1" 200 13672
2025-06-02 08:00:19,633 [INFO] django.server — "GET /ai/analysis/14/ HTTP/1.1" 200 53106
2025-06-02 08:00:19,633 [INFO] django.server — "GET /ai/analysis/14/ HTTP/1.1" 200 53106
2025-06-02 08:00:22,311 [INFO] django.server — "GET /ai/upload/ HTTP/1.1" 200 12766
2025-06-02 08:00:22,311 [INFO] django.server — "GET /ai/upload/ HTTP/1.1" 200 12766
2025-06-02 08:00:39,832 [INFO] detector_app.pdf_detector — Loaded pre-trained ML model from /home/d3bugger/Projects/FINAL YEAR PROJECT/src/detector_app/ai/ml/models/01_model.pkl
2025-06-02 08:00:44,578 [INFO] django.server — "POST /ai/upload/ HTTP/1.1" 302 0
2025-06-02 08:00:44,578 [INFO] django.server — "POST /ai/upload/ HTTP/1.1" 302 0
2025-06-02 08:00:44,642 [INFO] django.server — "GET /ai/analysis/15/ HTTP/1.1" 200 51279
2025-06-02 08:00:44,642 [INFO] django.server — "GET /ai/analysis/15/ HTTP/1.1" 200 51279
2025-06-02 08:00:59,015 [INFO] django.server — "GET /ai/upload/ HTTP/1.1" 200 12766
2025-06-02 08:00:59,015 [INFO] django.server — "GET /ai/upload/ HTTP/1.1" 200 12766
2025-06-02 08:01:15,119 [INFO] detector_app.pdf_detector — Loaded pre-trained ML model from /home/d3bugger/Projects/FINAL YEAR PROJECT/src/detector_app/ai/ml/models/01_model.pkl
2025-06-02 08:03:14,844 [INFO] django.server — "POST /ai/upload/ HTTP/1.1" 302 0
2025-06-02 08:03:14,844 [INFO] django.server — "POST /ai/upload/ HTTP/1.1" 302 0
2025-06-02 08:03:14,978 [INFO] django.server — "GET /ai/analysis/16/ HTTP/1.1" 200 51355
2025-06-02 08:03:14,978 [INFO] django.server — "GET /ai/analysis/16/ HTTP/1.1" 200 51355
2025-06-02 08:06:30,680 [INFO] django.server — "GET /ai/analyses/ HTTP/1.1" 200 20124
2025-06-02 08:06:30,680 [INFO] django.server — "GET /ai/analyses/ HTTP/1.1" 200 20124
2025-06-02 08:07:07,472 [INFO] django.server — "GET /analyses/ HTTP/1.1" 200 18979
2025-06-02 08:07:07,472 [INFO] django.server — "GET /analyses/ HTTP/1.1" 200 18979
2025-06-02 08:07:35,920 [INFO] django.server — "GET /ai/analysis/16/ HTTP/1.1" 200 50851
2025-06-02 08:07:35,920 [INFO] django.server — "GET /ai/analysis/16/ HTTP/1.1" 200 50851
2025-06-02 08:08:57,467 [INFO] django.server — "GET /ai/upload/ HTTP/1.1" 200 12766
2025-06-02 08:08:57,467 [INFO] django.server — "GET /ai/upload/ HTTP/1.1" 200 12766
2025-06-02 08:09:19,790 [INFO] detector_app.pdf_detector — Loaded pre-trained ML model from /home/d3bugger/Projects/FINAL YEAR PROJECT/src/detector_app/ai/ml/models/01_model.pkl
2025-06-02 08:09:20,355 [INFO] django.server — "POST /ai/upload/ HTTP/1.1" 302 0
2025-06-02 08:09:20,355 [INFO] django.server — "POST /ai/upload/ HTTP/1.1" 302 0
2025-06-02 08:09:20,466 [INFO] django.server — "GET /ai/analysis/17/ HTTP/1.1" 200 51335
2025-06-02 08:09:20,466 [INFO] django.server — "GET /ai/analysis/17/ HTTP/1.1" 200 51335
2025-06-02 08:09:52,640 [INFO] detector_app.pdf_detector — Loaded pre-trained ML model from /home/d3bugger/Projects/FINAL YEAR PROJECT/src/detector_app/ai/ml/models/01_model.pkl
2025-06-02 08:09:52,894 [INFO] django.server — "POST /ai/analysis/17/reanalyze/ HTTP/1.1" 302 0
2025-06-02 08:09:52,894 [INFO] django.server — "POST /ai/analysis/17/reanalyze/ HTTP/1.1" 302 0
2025-06-02 08:09:53,110 [INFO] django.server — "GET /ai/analysis/17/ HTTP/1.1" 200 49807
2025-06-02 08:09:53,110 [INFO] django.server — "GET /ai/analysis/17/ HTTP/1.1" 200 49807
2025-06-02 08:10:10,815 [INFO] django.server — "GET /ai/analyses/ HTTP/1.1" 200 23355
2025-06-02 08:10:10,815 [INFO] django.server — "GET /ai/analyses/ HTTP/1.1" 200 23355
2025-06-02 08:10:39,240 [INFO] django.server — "GET /ai/analysis/17/ HTTP/1.1" 200 49316
2025-06-02 08:10:39,240 [INFO] django.server — "GET /ai/analysis/17/ HTTP/1.1" 200 49316
2025-06-02 08:10:43,448 [INFO] django.server — "GET /ai/upload/ HTTP/1.1" 200 12766
2025-06-02 08:10:43,448 [INFO] django.server — "GET /ai/upload/ HTTP/1.1" 200 12766
2025-06-02 08:10:52,927 [INFO] detector_app.pdf_detector — Loaded pre-trained ML model from /home/d3bugger/Projects/FINAL YEAR PROJECT/src/detector_app/ai/ml/models/01_model.pkl
2025-06-02 08:10:57,803 [INFO] django.server — "POST /ai/upload/ HTTP/1.1" 302 0
2025-06-02 08:10:57,803 [INFO] django.server — "POST /ai/upload/ HTTP/1.1" 302 0
2025-06-02 08:10:57,896 [INFO] django.server — "GET /ai/analysis/18/ HTTP/1.1" 200 51279
2025-06-02 08:10:57,896 [INFO] django.server — "GET /ai/analysis/18/ HTTP/1.1" 200 51279
2025-06-02 08:11:31,979 [INFO] django.server — "GET /ai/upload/ HTTP/1.1" 200 12766
2025-06-02 08:11:31,979 [INFO] django.server — "GET /ai/upload/ HTTP/1.1" 200 12766
2025-06-02 08:12:04,415 [INFO] detector_app.pdf_detector — Loaded pre-trained ML model from /home/d3bugger/Projects/FINAL YEAR PROJECT/src/detector_app/ai/ml/models/01_model.pkl
2025-06-02 08:12:05,189 [INFO] django.server — "POST /ai/upload/ HTTP/1.1" 302 0
2025-06-02 08:12:05,189 [INFO] django.server — "POST /ai/upload/ HTTP/1.1" 302 0
2025-06-02 08:12:05,292 [INFO] django.server — "GET /ai/analysis/19/ HTTP/1.1" 200 51329
2025-06-02 08:12:05,292 [INFO] django.server — "GET /ai/analysis/19/ HTTP/1.1" 200 51329
2025-06-02 08:12:13,999 [INFO] django.server — "GET /ai/upload/ HTTP/1.1" 200 12766
2025-06-02 08:12:13,999 [INFO] django.server — "GET /ai/upload/ HTTP/1.1" 200 12766
2025-06-02 08:12:28,162 [INFO] detector_app.pdf_detector — Loaded pre-trained ML model from /home/d3bugger/Projects/FINAL YEAR PROJECT/src/detector_app/ai/ml/models/01_model.pkl
2025-06-02 08:12:30,044 [INFO] django.server — "POST /ai/upload/ HTTP/1.1" 302 0
2025-06-02 08:12:30,044 [INFO] django.server — "POST /ai/upload/ HTTP/1.1" 302 0
2025-06-02 08:12:30,127 [INFO] django.server — "GET /ai/analysis/20/ HTTP/1.1" 200 82609
2025-06-02 08:12:30,127 [INFO] django.server — "GET /ai/analysis/20/ HTTP/1.1" 200 82609
2025-06-02 08:12:59,564 [INFO] django.server — "GET /ai/upload/ HTTP/1.1" 200 12766
2025-06-02 08:12:59,564 [INFO] django.server — "GET /ai/upload/ HTTP/1.1" 200 12766
2025-06-02 08:13:12,953 [INFO] detector_app.pdf_detector — Loaded pre-trained ML model from /home/d3bugger/Projects/FINAL YEAR PROJECT/src/detector_app/ai/ml/models/01_model.pkl
2025-06-02 08:13:24,342 [INFO] django.server — "POST /ai/upload/ HTTP/1.1" 302 0
2025-06-02 08:13:24,342 [INFO] django.server — "POST /ai/upload/ HTTP/1.1" 302 0
2025-06-02 08:13:24,440 [INFO] django.server — "GET /ai/analysis/21/ HTTP/1.1" 200 104835
2025-06-02 08:13:24,440 [INFO] django.server — "GET /ai/analysis/21/ HTTP/1.1" 200 104835
2025-06-02 08:13:25,690 [INFO] django.server — "GET /admin/detector_app/pdfanalysis/ HTTP/1.1" 200 25263
2025-06-02 08:13:25,690 [INFO] django.server — "GET /admin/detector_app/pdfanalysis/ HTTP/1.1" 200 25263
2025-06-02 08:13:25,876 [INFO] django.server — "GET /admin/jsi18n/ HTTP/1.1" 200 3342
2025-06-02 08:13:25,876 [INFO] django.server — "GET /admin/jsi18n/ HTTP/1.1" 200 3342
2025-06-02 08:14:33,038 [INFO] django.server — "GET /ai/upload/ HTTP/1.1" 200 12766
2025-06-02 08:14:33,038 [INFO] django.server — "GET /ai/upload/ HTTP/1.1" 200 12766
2025-06-02 08:14:59,683 [INFO] detector_app.pdf_detector — Loaded pre-trained ML model from /home/d3bugger/Projects/FINAL YEAR PROJECT/src/detector_app/ai/ml/models/01_model.pkl
2025-06-02 08:15:29,823 [INFO] django.server — "POST /ai/upload/ HTTP/1.1" 302 0
2025-06-02 08:15:29,823 [INFO] django.server — "POST /ai/upload/ HTTP/1.1" 302 0
2025-06-02 08:15:29,900 [INFO] django.server — "GET /ai/analysis/22/ HTTP/1.1" 200 51332
2025-06-02 08:15:29,900 [INFO] django.server — "GET /ai/analysis/22/ HTTP/1.1" 200 51332
2025-06-02 08:16:01,621 [INFO] django.server — "GET /ai/upload/ HTTP/1.1" 200 12766
2025-06-02 08:16:01,621 [INFO] django.server — "GET /ai/upload/ HTTP/1.1" 200 12766
2025-06-02 08:16:24,379 [INFO] detector_app.pdf_detector — Loaded pre-trained ML model from /home/d3bugger/Projects/FINAL YEAR PROJECT/src/detector_app/ai/ml/models/01_model.pkl
2025-06-02 08:16:24,923 [INFO] django.server — "POST /ai/upload/ HTTP/1.1" 302 0
2025-06-02 08:16:24,923 [INFO] django.server — "POST /ai/upload/ HTTP/1.1" 302 0
2025-06-02 08:16:25,061 [INFO] django.server — "GET /ai/analysis/23/ HTTP/1.1" 200 51319
2025-06-02 08:16:25,061 [INFO] django.server — "GET /ai/analysis/23/ HTTP/1.1" 200 51319
2025-06-02 08:16:39,764 [INFO] django.server — "GET /ai/upload/ HTTP/1.1" 200 12766
2025-06-02 08:16:39,764 [INFO] django.server — "GET /ai/upload/ HTTP/1.1" 200 12766
2025-06-02 08:16:47,937 [INFO] detector_app.pdf_detector — Loaded pre-trained ML model from /home/d3bugger/Projects/FINAL YEAR PROJECT/src/detector_app/ai/ml/models/01_model.pkl
2025-06-02 08:16:48,132 [INFO] django.server — "POST /ai/upload/ HTTP/1.1" 302 0
2025-06-02 08:16:48,132 [INFO] django.server — "POST /ai/upload/ HTTP/1.1" 302 0
2025-06-02 08:16:48,324 [INFO] django.server — "GET /ai/analysis/24/ HTTP/1.1" 200 126210
2025-06-02 08:16:48,324 [INFO] django.server — "GET /ai/analysis/24/ HTTP/1.1" 200 126210
2025-06-02 08:18:28,618 [INFO] detector_app.pdf_detector — Loaded pre-trained ML model from /home/d3bugger/Projects/FINAL YEAR PROJECT/src/detector_app/ai/ml/models/01_model.pkl
2025-06-02 08:18:28,906 [INFO] django.server — "POST /ai/analysis/24/reanalyze/ HTTP/1.1" 302 0
2025-06-02 08:18:28,906 [INFO] django.server — "POST /ai/analysis/24/reanalyze/ HTTP/1.1" 302 0
2025-06-02 08:18:29,164 [INFO] django.server — "GET /ai/analysis/24/ HTTP/1.1" 200 108144
2025-06-02 08:18:29,164 [INFO] django.server — "GET /ai/analysis/24/ HTTP/1.1" 200 108144
2025-06-02 08:18:38,260 [INFO] detector_app.pdf_detector — Loaded pre-trained ML model from /home/d3bugger/Projects/FINAL YEAR PROJECT/src/detector_app/ai/ml/models/01_model.pkl
2025-06-02 08:18:38,422 [INFO] django.server — "POST /ai/analysis/24/reanalyze/ HTTP/1.1" 302 0
2025-06-02 08:18:38,422 [INFO] django.server — "POST /ai/analysis/24/reanalyze/ HTTP/1.1" 302 0
2025-06-02 08:18:38,534 [INFO] django.server — "GET /ai/analysis/24/ HTTP/1.1" 200 110536
2025-06-02 08:18:38,534 [INFO] django.server — "GET /ai/analysis/24/ HTTP/1.1" 200 110536
2025-06-02 08:18:45,291 [INFO] detector_app.pdf_detector — Loaded pre-trained ML model from /home/d3bugger/Projects/FINAL YEAR PROJECT/src/detector_app/ai/ml/models/01_model.pkl
2025-06-02 08:18:45,533 [INFO] django.server — "POST /ai/analysis/24/reanalyze/ HTTP/1.1" 302 0
2025-06-02 08:18:45,533 [INFO] django.server — "POST /ai/analysis/24/reanalyze/ HTTP/1.1" 302 0
2025-06-02 08:18:45,687 [INFO] django.server — "GET /ai/analysis/24/ HTTP/1.1" 200 143048
2025-06-02 08:18:45,687 [INFO] django.server — "GET /ai/analysis/24/ HTTP/1.1" 200 143048
2025-06-02 08:19:52,331 [INFO] django.server — "GET /ai/analysis/24/ HTTP/1.1" 200 134463
2025-06-02 08:19:52,331 [INFO] django.server — "GET /ai/analysis/24/ HTTP/1.1" 200 134463
2025-06-02 08:22:05,876 [INFO] django.server — "GET /ai/analysis/24/ HTTP/1.1" 200 139549
2025-06-02 08:22:05,876 [INFO] django.server — "GET /ai/analysis/24/ HTTP/1.1" 200 139549
2025-06-02 08:22:45,836 [INFO] django.server — "GET /ai/analysis/24/ HTTP/1.1" 200 139549
2025-06-02 08:22:45,836 [INFO] django.server — "GET /ai/analysis/24/ HTTP/1.1" 200 139549
2025-06-02 08:23:45,080 [INFO] django.server — "GET /ai/analysis/24/ HTTP/1.1" 200 139536
2025-06-02 08:23:45,080 [INFO] django.server — "GET /ai/analysis/24/ HTTP/1.1" 200 139536
2025-06-02 08:24:34,381 [INFO] django.server — "GET /ai/analysis/24/ HTTP/1.1" 200 139536
2025-06-02 08:24:34,381 [INFO] django.server — "GET /ai/analysis/24/ HTTP/1.1" 200 139536
2025-06-02 08:26:06,365 [INFO] django.server — "GET /ai/analysis/24/ HTTP/1.1" 200 144702
2025-06-02 08:26:06,365 [INFO] django.server — "GET /ai/analysis/24/ HTTP/1.1" 200 144702
2025-06-02 08:28:11,234 [INFO] django.server — "GET /ai/analysis/24/ HTTP/1.1" 200 145136
2025-06-02 08:28:11,234 [INFO] django.server — "GET /ai/analysis/24/ HTTP/1.1" 200 145136
2025-06-02 08:28:31,457 [INFO] django.server — "GET /ai/analysis/24/ HTTP/1.1" 200 145136
2025-06-02 08:28:31,457 [INFO] django.server — "GET /ai/analysis/24/ HTTP/1.1" 200 145136
2025-06-02 08:29:14,798 [INFO] django.server — "GET /ai/analysis/24/ HTTP/1.1" 200 145412
2025-06-02 08:29:14,798 [INFO] django.server — "GET /ai/analysis/24/ HTTP/1.1" 200 145412
2025-06-02 08:30:45,842 [INFO] django.server — "GET /ai/analysis/24/ HTTP/1.1" 200 175980
2025-06-02 08:30:45,842 [INFO] django.server — "GET /ai/analysis/24/ HTTP/1.1" 200 175980
2025-06-02 08:31:29,546 [INFO] django.server — "GET /ai/analysis/24/ HTTP/1.1" 200 171843
2025-06-02 08:31:29,546 [INFO] django.server — "GET /ai/analysis/24/ HTTP/1.1" 200 171843
2025-06-02 08:33:07,293 [INFO] django.server — "GET /ai/analysis/24/ HTTP/1.1" 200 171602
2025-06-02 08:33:07,293 [INFO] django.server — "GET /ai/analysis/24/ HTTP/1.1" 200 171602
2025-06-02 08:33:50,503 [INFO] django.server — "GET /ai/analysis/24/ HTTP/1.1" 200 171840
2025-06-02 08:33:50,503 [INFO] django.server — "GET /ai/analysis/24/ HTTP/1.1" 200 171840
2025-06-02 08:34:13,495 [INFO] django.server — "GET /ai/analysis/24/ HTTP/1.1" 200 171804
2025-06-02 08:34:13,495 [INFO] django.server — "GET /ai/analysis/24/ HTTP/1.1" 200 171804
2025-06-02 08:34:32,958 [INFO] django.server — "GET /ai/analysis/24/ HTTP/1.1" 200 171795
2025-06-02 08:34:32,958 [INFO] django.server — "GET /ai/analysis/24/ HTTP/1.1" 200 171795
2025-06-02 08:34:36,177 [INFO] django.server — "GET /ai/analysis/24/ HTTP/1.1" 200 171795
2025-06-02 08:34:36,177 [INFO] django.server — "GET /ai/analysis/24/ HTTP/1.1" 200 171795
2025-06-02 08:36:06,617 [INFO] django.server — "GET /ai/analysis/24/ HTTP/1.1" 200 171782
2025-06-02 08:36:06,617 [INFO] django.server — "GET /ai/analysis/24/ HTTP/1.1" 200 171782
2025-06-02 08:36:09,670 [INFO] django.server — "GET /ai/analysis/24/ HTTP/1.1" 200 171782
2025-06-02 08:36:09,670 [INFO] django.server — "GET /ai/analysis/24/ HTTP/1.1" 200 171782
2025-06-02 08:36:50,055 [INFO] django.server — "GET /ai/analysis/24/ HTTP/1.1" 200 171839
2025-06-02 08:36:50,055 [INFO] django.server — "GET /ai/analysis/24/ HTTP/1.1" 200 171839
2025-06-02 08:37:16,631 [INFO] django.server — "GET /ai/analysis/24/ HTTP/1.1" 200 171820
2025-06-02 08:37:16,631 [INFO] django.server — "GET /ai/analysis/24/ HTTP/1.1" 200 171820
2025-06-02 08:37:29,430 [INFO] django.server — "GET /ai/analysis/24/ HTTP/1.1" 200 171819
2025-06-02 08:37:29,430 [INFO] django.server — "GET /ai/analysis/24/ HTTP/1.1" 200 171819
2025-06-02 08:37:54,174 [INFO] django.server — "GET /ai/analysis/24/ HTTP/1.1" 200 171813
2025-06-02 08:37:54,174 [INFO] django.server — "GET /ai/analysis/24/ HTTP/1.1" 200 171813
2025-06-02 08:38:09,247 [INFO] django.server — "GET /ai/analysis/24/ HTTP/1.1" 200 171818
2025-06-02 08:38:09,247 [INFO] django.server — "GET /ai/analysis/24/ HTTP/1.1" 200 171818
2025-06-02 08:38:34,254 [INFO] django.server — "GET /ai/analysis/24/ HTTP/1.1" 200 171822
2025-06-02 08:38:34,254 [INFO] django.server — "GET /ai/analysis/24/ HTTP/1.1" 200 171822
2025-06-02 08:39:10,809 [INFO] django.server — "GET /ai/analysis/24/ HTTP/1.1" 200 171821
2025-06-02 08:39:10,809 [INFO] django.server — "GET /ai/analysis/24/ HTTP/1.1" 200 171821
2025-06-02 08:39:20,591 [INFO] django.server — "GET /ai/analysis/24/ HTTP/1.1" 200 171821
2025-06-02 08:39:20,591 [INFO] django.server — "GET /ai/analysis/24/ HTTP/1.1" 200 171821
2025-06-02 08:39:44,800 [INFO] django.server — "GET /ai/analysis/24/ HTTP/1.1" 200 171828
2025-06-02 08:39:44,800 [INFO] django.server — "GET /ai/analysis/24/ HTTP/1.1" 200 171828
2025-06-02 08:40:04,906 [INFO] django.server — "GET /ai/analysis/24/ HTTP/1.1" 200 171830
2025-06-02 08:40:04,906 [INFO] django.server — "GET /ai/analysis/24/ HTTP/1.1" 200 171830
2025-06-02 08:40:19,406 [INFO] django.server — "GET /ai/analysis/24/ HTTP/1.1" 200 171831
2025-06-02 08:40:19,406 [INFO] django.server — "GET /ai/analysis/24/ HTTP/1.1" 200 171831
2025-06-02 08:40:28,995 [INFO] django.server — "GET /ai/analysis/24/ HTTP/1.1" 200 171830
2025-06-02 08:40:28,995 [INFO] django.server — "GET /ai/analysis/24/ HTTP/1.1" 200 171830
2025-06-02 08:40:45,822 [INFO] django.server — "GET /ai/analysis/24/ HTTP/1.1" 200 171830
2025-06-02 08:40:45,822 [INFO] django.server — "GET /ai/analysis/24/ HTTP/1.1" 200 171830
2025-06-02 08:41:04,070 [INFO] django.server — "GET /ai/analysis/24/ HTTP/1.1" 200 171826
2025-06-02 08:41:04,070 [INFO] django.server — "GET /ai/analysis/24/ HTTP/1.1" 200 171826
2025-06-02 08:41:08,820 [INFO] django.server — "GET /ai/analysis/24/ HTTP/1.1" 200 171826
2025-06-02 08:41:08,820 [INFO] django.server — "GET /ai/analysis/24/ HTTP/1.1" 200 171826
2025-06-02 08:41:49,818 [INFO] django.server — "GET /ai/analysis/24/ HTTP/1.1" 200 171834
2025-06-02 08:41:49,818 [INFO] django.server — "GET /ai/analysis/24/ HTTP/1.1" 200 171834
2025-06-02 08:42:34,311 [INFO] django.server — "GET /ai/analysis/24/ HTTP/1.1" 200 171835
2025-06-02 08:42:34,311 [INFO] django.server — "GET /ai/analysis/24/ HTTP/1.1" 200 171835
2025-06-02 08:42:49,097 [INFO] django.server — "GET /ai/analysis/24/ HTTP/1.1" 200 171832
2025-06-02 08:42:49,097 [INFO] django.server — "GET /ai/analysis/24/ HTTP/1.1" 200 171832
2025-06-02 08:43:17,500 [INFO] django.server — "GET /ai/analysis/24/ HTTP/1.1" 200 171832
2025-06-02 08:43:17,500 [INFO] django.server — "GET /ai/analysis/24/ HTTP/1.1" 200 171832
2025-06-02 08:43:48,264 [INFO] django.server — "GET /ai/analysis/24/ HTTP/1.1" 200 171841
2025-06-02 08:43:48,264 [INFO] django.server — "GET /ai/analysis/24/ HTTP/1.1" 200 171841
2025-06-02 08:44:07,572 [INFO] django.server — "GET /ai/analysis/24/ HTTP/1.1" 200 171839
2025-06-02 08:44:07,572 [INFO] django.server — "GET /ai/analysis/24/ HTTP/1.1" 200 171839
2025-06-02 08:44:24,173 [INFO] django.server — "GET /ai/analysis/24/ HTTP/1.1" 200 171839
2025-06-02 08:44:24,173 [INFO] django.server — "GET /ai/analysis/24/ HTTP/1.1" 200 171839
2025-06-02 08:44:38,715 [INFO] django.server — "GET /ai/analysis/24/ HTTP/1.1" 200 171843
2025-06-02 08:44:38,715 [INFO] django.server — "GET /ai/analysis/24/ HTTP/1.1" 200 171843
2025-06-02 08:45:27,089 [INFO] django.server — "GET /ai/analysis/24/ HTTP/1.1" 200 171822
2025-06-02 08:45:27,089 [INFO] django.server — "GET /ai/analysis/24/ HTTP/1.1" 200 171822
2025-06-02 08:46:11,867 [INFO] django.server — "GET /ai/analyses HTTP/1.1" 301 0
2025-06-02 08:46:11,867 [INFO] django.server — "GET /ai/analyses HTTP/1.1" 301 0
2025-06-02 08:46:12,042 [INFO] django.server — "GET /ai/analyses/ HTTP/1.1" 200 88221
2025-06-02 08:46:12,042 [INFO] django.server — "GET /ai/analyses/ HTTP/1.1" 200 88221
2025-06-02 08:46:49,020 [INFO] django.server — "GET /ai/analyses/?search=None&risk=CLEAN HTTP/1.1" 200 15745
2025-06-02 08:46:49,020 [INFO] django.server — "GET /ai/analyses/?search=None&risk=CLEAN HTTP/1.1" 200 15745
2025-06-02 08:46:58,891 [INFO] django.server — "GET /ai/upload/ HTTP/1.1" 200 12766
2025-06-02 08:46:58,891 [INFO] django.server — "GET /ai/upload/ HTTP/1.1" 200 12766
2025-06-02 08:47:06,930 [INFO] django.server — "GET /ai/ HTTP/1.1" 200 34269
2025-06-02 08:47:06,930 [INFO] django.server — "GET /ai/ HTTP/1.1" 200 34269
2025-06-02 08:47:20,641 [INFO] django.server — "GET /ai/analyses/ HTTP/1.1" 200 88221
2025-06-02 08:47:20,641 [INFO] django.server — "GET /ai/analyses/ HTTP/1.1" 200 88221
2025-06-02 08:47:53,207 [INFO] django.server — "GET /ai/analyses/ HTTP/1.1" 200 88151
2025-06-02 08:47:53,207 [INFO] django.server — "GET /ai/analyses/ HTTP/1.1" 200 88151
2025-06-02 08:48:19,587 [INFO] django.server — "GET /ai/analyses/ HTTP/1.1" 200 88229
2025-06-02 08:48:19,587 [INFO] django.server — "GET /ai/analyses/ HTTP/1.1" 200 88229
2025-06-02 08:48:31,942 [INFO] django.server — "GET /ai/analyses/ HTTP/1.1" 200 88232
2025-06-02 08:48:31,942 [INFO] django.server — "GET /ai/analyses/ HTTP/1.1" 200 88232
2025-06-02 08:49:20,503 [INFO] django.server — "GET /ai/analyses/ HTTP/1.1" 200 88232
2025-06-02 08:49:20,503 [INFO] django.server — "GET /ai/analyses/ HTTP/1.1" 200 88232
2025-06-02 08:49:46,431 [INFO] django.server — "GET /ai/analyses/ HTTP/1.1" 200 88228
2025-06-02 08:49:46,431 [INFO] django.server — "GET /ai/analyses/ HTTP/1.1" 200 88228
2025-06-02 08:50:22,721 [INFO] django.server — "GET /ai/analyses/ HTTP/1.1" 200 88179
2025-06-02 08:50:22,721 [INFO] django.server — "GET /ai/analyses/ HTTP/1.1" 200 88179
2025-06-02 08:50:25,977 [INFO] django.server — "GET /ai/analyses/ HTTP/1.1" 200 88179
2025-06-02 08:50:25,977 [INFO] django.server — "GET /ai/analyses/ HTTP/1.1" 200 88179
2025-06-02 08:50:57,228 [INFO] django.server — "GET /ai/analyses/ HTTP/1.1" 200 88179
2025-06-02 08:50:57,228 [INFO] django.server — "GET /ai/analyses/ HTTP/1.1" 200 88179
2025-06-02 08:51:00,099 [INFO] django.server — "GET /ai/analyses/ HTTP/1.1" 200 88179
2025-06-02 08:51:00,099 [INFO] django.server — "GET /ai/analyses/ HTTP/1.1" 200 88179
